Release 14.7 - xst P.20131013 (nt64)
Copyright (c) 1995-2013 Xilinx, Inc.  All rights reserved.
--> Parameter TMPDIR set to xst/projnav.tmp


Total REAL time to Xst completion: 1.00 secs
Total CPU time to Xst completion: 0.08 secs
 
--> Parameter xsthdpdir set to xst


Total REAL time to Xst completion: 1.00 secs
Total CPU time to Xst completion: 0.08 secs
 
--> Reading design: top.prj

TABLE OF CONTENTS
  1) Synthesis Options Summary
  2) HDL Parsing
  3) HDL Elaboration
  4) HDL Synthesis
       4.1) HDL Synthesis Report
  5) Advanced HDL Synthesis
       5.1) Advanced HDL Synthesis Report
  6) Low Level Synthesis
  7) Partition Report
  8) Design Summary
       8.1) Primitive and Black Box Usage
       8.2) Device utilization summary
       8.3) Partition Resource Summary
       8.4) Timing Report
            8.4.1) Clock Information
            8.4.2) Asynchronous Control Signals Information
            8.4.3) Timing Summary
            8.4.4) Timing Details
            8.4.5) Cross Clock Domains Report


=========================================================================
*                      Synthesis Options Summary                        *
=========================================================================
---- Source Parameters
Input File Name                    : "top.prj"
Ignore Synthesis Constraint File   : NO

---- Target Parameters
Output File Name                   : "top"
Output Format                      : NGC
Target Device                      : xc6slx9-2-ftg256

---- Source Options
Top Module Name                    : top
Automatic FSM Extraction           : YES
FSM Encoding Algorithm             : Auto
Safe Implementation                : No
FSM Style                          : LUT
RAM Extraction                     : Yes
RAM Style                          : Auto
ROM Extraction                     : Yes
Shift Register Extraction          : YES
ROM Style                          : Auto
Resource Sharing                   : YES
Asynchronous To Synchronous        : NO
Shift Register Minimum Size        : 2
Use DSP Block                      : Auto
Automatic Register Balancing       : No

---- Target Options
LUT Combining                      : Auto
Reduce Control Sets                : Auto
Add IO Buffers                     : YES
Global Maximum Fanout              : 100000
Add Generic Clock Buffer(BUFG)     : 16
Register Duplication               : YES
Optimize Instantiated Primitives   : NO
Use Clock Enable                   : Auto
Use Synchronous Set                : Auto
Use Synchronous Reset              : Auto
Pack IO Registers into IOBs        : Auto
Equivalent register Removal        : YES

---- General Options
Optimization Goal                  : Speed
Optimization Effort                : 1
Power Reduction                    : NO
Keep Hierarchy                     : No
Netlist Hierarchy                  : As_Optimized
RTL Output                         : Yes
Global Optimization                : AllClockNets
Read Cores                         : YES
Write Timing Constraints           : NO
Cross Clock Analysis               : NO
Hierarchy Separator                : /
Bus Delimiter                      : <>
Case Specifier                     : Maintain
Slice Utilization Ratio            : 100
BRAM Utilization Ratio             : 100
DSP48 Utilization Ratio            : 100
Auto BRAM Packing                  : NO
Slice Utilization Ratio Delta      : 5

---- Other Options
Cores Search Directories           : {"ipcore_dir"  }

=========================================================================


=========================================================================
*                          HDL Parsing                                  *
=========================================================================
Analyzing Verilog file "D:\fengtao\Project\Git\FPGA_Uart\uart2\top\ipcore_dir\pll_ip.v" into library work
Parsing module <pll_ip>.
Analyzing Verilog file "D:\fengtao\Project\Git\FPGA_Uart\uart2\src\uart_tx.v" into library work
Parsing module <uart_tx>.
Analyzing Verilog file "D:\fengtao\Project\Git\FPGA_Uart\uart2\src\uart_rx.v" into library work
Parsing module <uart_rx>.
Analyzing Verilog file "D:\fengtao\Project\Git\FPGA_Uart\uart2\src\timer_1s.v" into library work
Parsing module <timer_1s>.
Analyzing Verilog file "D:\fengtao\Project\Git\FPGA_Uart\uart2\top\top.v" into library work
Parsing module <top>.

=========================================================================
*                            HDL Elaboration                            *
=========================================================================

Elaborating module <top>.

Elaborating module <pll_ip>.

Elaborating module <IBUFG>.

Elaborating module <DCM_SP(CLKDV_DIVIDE=2.0,CLKFX_DIVIDE=1,CLKFX_MULTIPLY=4,CLKIN_DIVIDE_BY_2="FALSE",CLKIN_PERIOD=20.0,CLKOUT_PHASE_SHIFT="NONE",CLK_FEEDBACK="1X",DESKEW_ADJUST="SYSTEM_SYNCHRONOUS",PHASE_SHIFT=0,STARTUP_WAIT="FALSE")>.
WARNING:HDLCompiler:1127 - "D:\fengtao\Project\Git\FPGA_Uart\uart2\top\ipcore_dir\pll_ip.v" Line 132: Assignment to status_int ignored, since the identifier is never used

Elaborating module <BUFG>.
WARNING:HDLCompiler:1127 - "D:\fengtao\Project\Git\FPGA_Uart\uart2\top\top.v" Line 44: Assignment to pll_locked ignored, since the identifier is never used

Elaborating module <uart_rx>.
WARNING:HDLCompiler:413 - "D:\fengtao\Project\Git\FPGA_Uart\uart2\src\uart_rx.v" Line 58: Result of 17-bit expression is truncated to fit in 16-bit target.
WARNING:HDLCompiler:413 - "D:\fengtao\Project\Git\FPGA_Uart\uart2\src\uart_rx.v" Line 78: Result of 5-bit expression is truncated to fit in 4-bit target.

Elaborating module <uart_tx>.
WARNING:HDLCompiler:413 - "D:\fengtao\Project\Git\FPGA_Uart\uart2\src\uart_tx.v" Line 72: Result of 17-bit expression is truncated to fit in 16-bit target.
WARNING:HDLCompiler:413 - "D:\fengtao\Project\Git\FPGA_Uart\uart2\src\uart_tx.v" Line 92: Result of 5-bit expression is truncated to fit in 4-bit target.

Elaborating module <timer_1s>.
WARNING:HDLCompiler:413 - "D:\fengtao\Project\Git\FPGA_Uart\uart2\src\timer_1s.v" Line 42: Result of 32-bit expression is truncated to fit in 1-bit target.

=========================================================================
*                           HDL Synthesis                               *
=========================================================================

Synthesizing Unit <top>.
    Related source file is "D:\fengtao\Project\Git\FPGA_Uart\uart2\top\top.v".
INFO:Xst:3210 - "D:\fengtao\Project\Git\FPGA_Uart\uart2\top\top.v" line 39: Output port <LOCKED> of the instance <pll_ip_inst> is unconnected or connected to loadless signal.
    Summary:
	no macro.
Unit <top> synthesized.

Synthesizing Unit <pll_ip>.
    Related source file is "D:\fengtao\Project\Git\FPGA_Uart\uart2\top\ipcore_dir\pll_ip.v".
    Summary:
	no macro.
Unit <pll_ip> synthesized.

Synthesizing Unit <uart_rx>.
    Related source file is "D:\fengtao\Project\Git\FPGA_Uart\uart2\src\uart_rx.v".
    Found 16-bit register for signal <baud_cnt>.
    Found 4-bit register for signal <bit_cnt>.
    Found 8-bit register for signal <rx_data>.
    Found 1-bit register for signal <rx_flag>.
    Found 1-bit register for signal <bit_flag>.
    Found 1-bit register for signal <po_flag>.
    Found 1-bit register for signal <rx_r2>.
    Found 1-bit register for signal <rx_r3>.
    Found 1-bit register for signal <rx_r1>.
    Found 16-bit adder for signal <baud_cnt[15]_GND_6_o_add_4_OUT> created at line 58.
    Found 4-bit adder for signal <bit_cnt[3]_GND_6_o_add_12_OUT> created at line 78.
    Found 4-bit comparator lessequal for signal <n0025> created at line 86
    Summary:
	inferred   2 Adder/Subtractor(s).
	inferred  34 D-type flip-flop(s).
	inferred   1 Comparator(s).
	inferred   3 Multiplexer(s).
Unit <uart_rx> synthesized.

Synthesizing Unit <uart_tx>.
    Related source file is "D:\fengtao\Project\Git\FPGA_Uart\uart2\src\uart_tx.v".
    Found 1-bit register for signal <rs232_tx>.
    Found 16-bit register for signal <baud_cnt>.
    Found 4-bit register for signal <bit_cnt>.
    Found 8-bit register for signal <tx_data_r>.
    Found 1-bit register for signal <tx_flag>.
    Found 1-bit register for signal <bit_flag>.
    Found 16-bit adder for signal <baud_cnt[15]_GND_7_o_add_5_OUT> created at line 72.
    Found 4-bit adder for signal <bit_cnt[3]_GND_7_o_add_11_OUT> created at line 92.
    Found 1-bit 12-to-1 multiplexer for signal <bit_cnt[3]_PWR_7_o_Mux_15_o> created at line 99.
    Summary:
	inferred   2 Adder/Subtractor(s).
	inferred  31 D-type flip-flop(s).
	inferred   5 Multiplexer(s).
Unit <uart_tx> synthesized.

Synthesizing Unit <timer_1s>.
    Related source file is "D:\fengtao\Project\Git\FPGA_Uart\uart2\src\timer_1s.v".
    Found 32-bit register for signal <num>.
    Found 32-bit adder for signal <num[31]_GND_9_o_add_1_OUT> created at line 39.
    Found 32-bit comparator lessequal for signal <n0004> created at line 42
    Summary:
	inferred   1 Adder/Subtractor(s).
	inferred  32 D-type flip-flop(s).
	inferred   1 Comparator(s).
	inferred   1 Multiplexer(s).
Unit <timer_1s> synthesized.

=========================================================================
HDL Synthesis Report

Macro Statistics
# Adders/Subtractors                                   : 5
 16-bit adder                                          : 2
 32-bit adder                                          : 1
 4-bit adder                                           : 2
# Registers                                            : 16
 1-bit register                                        : 9
 16-bit register                                       : 2
 32-bit register                                       : 1
 4-bit register                                        : 2
 8-bit register                                        : 2
# Comparators                                          : 2
 32-bit comparator lessequal                           : 1
 4-bit comparator lessequal                            : 1
# Multiplexers                                         : 9
 1-bit 12-to-1 multiplexer                             : 1
 1-bit 2-to-1 multiplexer                              : 1
 16-bit 2-to-1 multiplexer                             : 4
 32-bit 2-to-1 multiplexer                             : 1
 4-bit 2-to-1 multiplexer                              : 2

=========================================================================

=========================================================================
*                       Advanced HDL Synthesis                          *
=========================================================================


Synthesizing (advanced) Unit <timer_1s>.
The following registers are absorbed into counter <num>: 1 register on signal <num>.
Unit <timer_1s> synthesized (advanced).

Synthesizing (advanced) Unit <uart_rx>.
The following registers are absorbed into counter <bit_cnt>: 1 register on signal <bit_cnt>.
Unit <uart_rx> synthesized (advanced).

Synthesizing (advanced) Unit <uart_tx>.
The following registers are absorbed into counter <bit_cnt>: 1 register on signal <bit_cnt>.
Unit <uart_tx> synthesized (advanced).

=========================================================================
Advanced HDL Synthesis Report

Macro Statistics
# Adders/Subtractors                                   : 2
 16-bit adder                                          : 2
# Counters                                             : 3
 32-bit up counter                                     : 1
 4-bit up counter                                      : 2
# Registers                                            : 57
 Flip-Flops                                            : 57
# Comparators                                          : 2
 32-bit comparator lessequal                           : 1
 4-bit comparator lessequal                            : 1
# Multiplexers                                         : 6
 1-bit 12-to-1 multiplexer                             : 1
 1-bit 2-to-1 multiplexer                              : 1
 16-bit 2-to-1 multiplexer                             : 4

=========================================================================

=========================================================================
*                         Low Level Synthesis                           *
=========================================================================

Optimizing unit <top> ...

Optimizing unit <uart_rx> ...

Optimizing unit <uart_tx> ...
WARNING:Xst:1710 - FF/Latch <timer_1s_inst/num_28> (without init value) has a constant value of 0 in block <top>. This FF/Latch will be trimmed during the optimization process.
WARNING:Xst:1710 - FF/Latch <timer_1s_inst/num_29> (without init value) has a constant value of 0 in block <top>. This FF/Latch will be trimmed during the optimization process.
WARNING:Xst:1710 - FF/Latch <timer_1s_inst/num_30> (without init value) has a constant value of 0 in block <top>. This FF/Latch will be trimmed during the optimization process.
WARNING:Xst:1710 - FF/Latch <timer_1s_inst/num_31> (without init value) has a constant value of 0 in block <top>. This FF/Latch will be trimmed during the optimization process.
WARNING:Xst:1710 - FF/Latch <inst_uart_tx/baud_cnt_15> (without init value) has a constant value of 0 in block <top>. This FF/Latch will be trimmed during the optimization process.
WARNING:Xst:1710 - FF/Latch <inst_uart_tx/baud_cnt_14> (without init value) has a constant value of 0 in block <top>. This FF/Latch will be trimmed during the optimization process.
WARNING:Xst:1710 - FF/Latch <inst_uart_tx/baud_cnt_13> (without init value) has a constant value of 0 in block <top>. This FF/Latch will be trimmed during the optimization process.
WARNING:Xst:1710 - FF/Latch <inst_uart_tx/baud_cnt_12> (without init value) has a constant value of 0 in block <top>. This FF/Latch will be trimmed during the optimization process.
WARNING:Xst:1710 - FF/Latch <inst_uart_tx/baud_cnt_11> (without init value) has a constant value of 0 in block <top>. This FF/Latch will be trimmed during the optimization process.
WARNING:Xst:1710 - FF/Latch <inst_uart_tx/baud_cnt_10> (without init value) has a constant value of 0 in block <top>. This FF/Latch will be trimmed during the optimization process.
WARNING:Xst:1710 - FF/Latch <inst_uart_tx/baud_cnt_9> (without init value) has a constant value of 0 in block <top>. This FF/Latch will be trimmed during the optimization process.

Mapping all equations...
Building and optimizing final netlist ...
Found area constraint ratio of 100 (+ 5) on block top, actual ratio is 3.

Final Macro Processing ...

Processing Unit <top> :
	Found 2-bit shift register for signal <inst_uart_rx/rx_r2>.
Unit <top> processed.

=========================================================================
Final Register Report

Macro Statistics
# Registers                                            : 84
 Flip-Flops                                            : 84
# Shift Registers                                      : 1
 2-bit shift register                                  : 1

=========================================================================

=========================================================================
*                           Partition Report                            *
=========================================================================

Partition Implementation Status
-------------------------------

  No Partitions were found in this design.

-------------------------------

=========================================================================
*                            Design Summary                             *
=========================================================================

Top Level Output File Name         : top.ngc

Primitive and Black Box Usage:
------------------------------
# BELS                             : 264
#      GND                         : 1
#      INV                         : 4
#      LUT1                        : 50
#      LUT2                        : 6
#      LUT3                        : 30
#      LUT4                        : 4
#      LUT5                        : 14
#      LUT6                        : 44
#      MUXCY                       : 57
#      VCC                         : 1
#      XORCY                       : 53
# FlipFlops/Latches                : 85
#      FD                          : 1
#      FDC                         : 58
#      FDCE                        : 24
#      FDE                         : 1
#      FDP                         : 1
# Shift Registers                  : 1
#      SRLC16E                     : 1
# Clock Buffers                    : 2
#      BUFG                        : 2
# IO Buffers                       : 5
#      IBUF                        : 2
#      IBUFG                       : 1
#      OBUF                        : 2
# DCMs                             : 1
#      DCM_SP                      : 1

Device utilization summary:
---------------------------

Selected Device : 6slx9ftg256-2 


Slice Logic Utilization: 
 Number of Slice Registers:              85  out of  11440     0%  
 Number of Slice LUTs:                  153  out of   5720     2%  
    Number used as Logic:               152  out of   5720     2%  
    Number used as Memory:                1  out of   1440     0%  
       Number used as SRL:                1

Slice Logic Distribution: 
 Number of LUT Flip Flop pairs used:    170
   Number with an unused Flip Flop:      85  out of    170    50%  
   Number with an unused LUT:            17  out of    170    10%  
   Number of fully used LUT-FF pairs:    68  out of    170    40%  
   Number of unique control sets:         8

IO Utilization: 
 Number of IOs:                           5
 Number of bonded IOBs:                   5  out of    186     2%  

Specific Feature Utilization:
 Number of BUFG/BUFGCTRLs:                2  out of     16    12%  

---------------------------
Partition Resource Summary:
---------------------------

  No Partitions were found in this design.

---------------------------


=========================================================================
Timing Report

NOTE: THESE TIMING NUMBERS ARE ONLY A SYNTHESIS ESTIMATE.
      FOR ACCURATE TIMING INFORMATION PLEASE REFER TO THE TRACE REPORT
      GENERATED AFTER PLACE-and-ROUTE.

Clock Information:
------------------
-----------------------------------+------------------------+-------+
Clock Signal                       | Clock buffer(FF name)  | Load  |
-----------------------------------+------------------------+-------+
sclk                               | DCM_SP:CLKFX           | 28    |
sclk                               | DCM_SP:CLK0            | 58    |
-----------------------------------+------------------------+-------+

Asynchronous Control Signals Information:
----------------------------------------
No asynchronous control signals found in this design

Timing Summary:
---------------
Speed Grade: -2

   Minimum period: 15.804ns (Maximum Frequency: 63.275MHz)
   Minimum input arrival time before clock: 4.799ns
   Maximum output required time after clock: 6.186ns
   Maximum combinational path delay: No path found

Timing Details:
---------------
All values displayed in nanoseconds (ns)

=========================================================================
Timing constraint: Default period analysis for Clock 'sclk'
  Clock period: 15.804ns (frequency: 63.275MHz)
  Total number of paths / destination ports: 1926 / 109
-------------------------------------------------------------------------
Delay:               3.951ns (Levels of Logic = 2)
  Source:            timer_1s_inst/num_3 (FF)
  Destination:       timer_1s_inst/num_25 (FF)
  Source Clock:      sclk rising 4.0X
  Destination Clock: sclk rising 4.0X

  Data Path: timer_1s_inst/num_3 to timer_1s_inst/num_25
                                Gate     Net
    Cell:in->out      fanout   Delay   Delay  Logical Name (Net Name)
    ----------------------------------------  ------------
     FDC:C->Q              4   0.525   1.259  timer_1s_inst/num_3 (timer_1s_inst/num_3)
     LUT6:I0->O           15   0.254   1.585  timer_1s_inst/num[31]_GND_9_o_equal_1_o<31>3 (timer_1s_inst/num[31]_GND_9_o_equal_1_o<31>2)
     LUT6:I1->O            1   0.254   0.000  timer_1s_inst/Mcount_num_eqn_271 (timer_1s_inst/Mcount_num_eqn_27)
     FDC:D                     0.074          timer_1s_inst/num_27
    ----------------------------------------
    Total                      3.951ns (1.107ns logic, 2.844ns route)
                                       (28.0% logic, 72.0% route)

=========================================================================
Timing constraint: Default OFFSET IN BEFORE for Clock 'sclk'
  Total number of paths / destination ports: 84 / 84
-------------------------------------------------------------------------
Offset:              4.799ns (Levels of Logic = 2)
  Source:            s_rst_n (PAD)
  Destination:       timer_1s_inst/num_0 (FF)
  Destination Clock: sclk rising 4.0X

  Data Path: s_rst_n to timer_1s_inst/num_0
                                Gate     Net
    Cell:in->out      fanout   Delay   Delay  Logical Name (Net Name)
    ----------------------------------------  ------------
     IBUF:I->O             1   1.328   0.681  s_rst_n_IBUF (s_rst_n_IBUF)
     INV:I->O             83   0.255   2.076  s_rst_n_inv1_INV_0 (inst_uart_rx/s_rst_n_inv)
     FDC:CLR                   0.459          timer_1s_inst/num_0
    ----------------------------------------
    Total                      4.799ns (2.042ns logic, 2.757ns route)
                                       (42.5% logic, 57.5% route)

=========================================================================
Timing constraint: Default OFFSET OUT AFTER for Clock 'sclk'
  Total number of paths / destination ports: 42 / 2
-------------------------------------------------------------------------
Offset:              6.186ns (Levels of Logic = 8)
  Source:            timer_1s_inst/num_8 (FF)
  Destination:       led0 (PAD)
  Source Clock:      sclk rising 4.0X

  Data Path: timer_1s_inst/num_8 to led0
                                Gate     Net
    Cell:in->out      fanout   Delay   Delay  Logical Name (Net Name)
    ----------------------------------------  ------------
     FDC:C->Q              5   0.525   1.271  timer_1s_inst/num_8 (timer_1s_inst/num_8)
     LUT5:I0->O            1   0.254   0.000  timer_1s_inst/Mcompar_GND_9_o_num[31]_LessThan_5_o_lut<1> (timer_1s_inst/Mcompar_GND_9_o_num[31]_LessThan_5_o_lut<1>)
     MUXCY:S->O            1   0.215   0.000  timer_1s_inst/Mcompar_GND_9_o_num[31]_LessThan_5_o_cy<1> (timer_1s_inst/Mcompar_GND_9_o_num[31]_LessThan_5_o_cy<1>)
     MUXCY:CI->O           1   0.023   0.000  timer_1s_inst/Mcompar_GND_9_o_num[31]_LessThan_5_o_cy<2> (timer_1s_inst/Mcompar_GND_9_o_num[31]_LessThan_5_o_cy<2>)
     MUXCY:CI->O           1   0.023   0.000  timer_1s_inst/Mcompar_GND_9_o_num[31]_LessThan_5_o_cy<3> (timer_1s_inst/Mcompar_GND_9_o_num[31]_LessThan_5_o_cy<3>)
     MUXCY:CI->O           1   0.023   0.000  timer_1s_inst/Mcompar_GND_9_o_num[31]_LessThan_5_o_cy<4> (timer_1s_inst/Mcompar_GND_9_o_num[31]_LessThan_5_o_cy<4>)
     MUXCY:CI->O           1   0.023   0.000  timer_1s_inst/Mcompar_GND_9_o_num[31]_LessThan_5_o_cy<5> (timer_1s_inst/Mcompar_GND_9_o_num[31]_LessThan_5_o_cy<5>)
     MUXCY:CI->O           1   0.235   0.681  timer_1s_inst/Mcompar_GND_9_o_num[31]_LessThan_5_o_cy<6> (led0_OBUF)
     OBUF:I->O                 2.912          led0_OBUF (led0)
    ----------------------------------------
    Total                      6.186ns (4.234ns logic, 1.952ns route)
                                       (68.4% logic, 31.6% route)

=========================================================================

Cross Clock Domains Report:
--------------------------

Clock to Setup on destination clock sclk
---------------+---------+---------+---------+---------+
               | Src:Rise| Src:Fall| Src:Rise| Src:Fall|
Source Clock   |Dest:Rise|Dest:Rise|Dest:Fall|Dest:Fall|
---------------+---------+---------+---------+---------+
sclk           |    5.831|         |         |         |
---------------+---------+---------+---------+---------+

=========================================================================


Total REAL time to Xst completion: 4.00 secs
Total CPU time to Xst completion: 3.89 secs
 
--> 

Total memory usage is 4509488 kilobytes

Number of errors   :    0 (   0 filtered)
Number of warnings :   18 (   0 filtered)
Number of infos    :    1 (   0 filtered)

